<?xml version="1.0" encoding="UTF-8"?>
<testng-results skipped="0" failed="0" total="1" passed="1">
  <reporter-output>
  </reporter-output>
  <suite name="example suite 1" duration-ms="16635" started-at="2019-07-08T22:45:37Z" finished-at="2019-07-08T22:45:53Z">
    <groups>
    </groups>
    <test name="Regression suite 1" duration-ms="16635" started-at="2019-07-08T22:45:37Z" finished-at="2019-07-08T22:45:53Z">
      <class name="testphp.phpproject.AboutLink">
        <test-method status="PASS" signature="Launch()[pri:0, instance:testphp.phpproject.AboutLink@3cda1055]" name="Launch" is-config="true" duration-ms="16203" started-at="2019-07-08T18:45:37Z" finished-at="2019-07-08T18:45:53Z">
          <reporter-output>
          </reporter-output>
        </test-method> <!-- Launch -->
        <test-method status="PASS" signature="ClickAboutUs()[pri:0, instance:testphp.phpproject.AboutLink@3cda1055]" name="ClickAboutUs" duration-ms="313" started-at="2019-07-08T18:45:53Z" finished-at="2019-07-08T18:45:53Z">
          <reporter-output>
          </reporter-output>
        </test-method> <!-- ClickAboutUs -->
        <test-method status="PASS" signature="close()[pri:0, instance:testphp.phpproject.AboutLink@3cda1055]" name="close" is-config="true" duration-ms="105" started-at="2019-07-08T18:45:53Z" finished-at="2019-07-08T18:45:53Z">
          <reporter-output>
          </reporter-output>
        </test-method> <!-- close -->
      </class> <!-- testphp.phpproject.AboutLink -->
    </test> <!-- Regression suite 1 -->
  </suite> <!-- example suite 1 -->
</testng-results>
