<?xml version="1.0" encoding="UTF-8"?>
<testng-results skipped="0" failed="0" total="1" passed="1">
  <reporter-output>
  </reporter-output>
  <suite name="example suite 1" duration-ms="12933" started-at="2019-07-08T03:14:53Z" finished-at="2019-07-08T03:15:06Z">
    <groups>
    </groups>
    <test name="Regression suite 1" duration-ms="12933" started-at="2019-07-08T03:14:53Z" finished-at="2019-07-08T03:15:06Z">
      <class name="testphp.phpproject.AboutLink">
        <test-method status="PASS" signature="Launch()[pri:0, instance:testphp.phpproject.AboutLink@7ac7a4e4]" name="Launch" is-config="true" duration-ms="12506" started-at="2019-07-07T23:14:53Z" finished-at="2019-07-07T23:15:06Z">
          <reporter-output>
          </reporter-output>
        </test-method> <!-- Launch -->
        <test-method status="PASS" signature="ClickAboutUs()[pri:0, instance:testphp.phpproject.AboutLink@7ac7a4e4]" name="ClickAboutUs" duration-ms="276" started-at="2019-07-07T23:15:06Z" finished-at="2019-07-07T23:15:06Z">
          <reporter-output>
          </reporter-output>
        </test-method> <!-- ClickAboutUs -->
        <test-method status="PASS" signature="close()[pri:0, instance:testphp.phpproject.AboutLink@7ac7a4e4]" name="close" is-config="true" duration-ms="122" started-at="2019-07-07T23:15:06Z" finished-at="2019-07-07T23:15:06Z">
          <reporter-output>
          </reporter-output>
        </test-method> <!-- close -->
      </class> <!-- testphp.phpproject.AboutLink -->
    </test> <!-- Regression suite 1 -->
  </suite> <!-- example suite 1 -->
</testng-results>
